2025-06-13 13:39:43,694 - INFO - logger_config.py:109 - 📁 日志配置完成
2025-06-13 13:39:43,694 - INFO - work_flow.py:635 - 加载工作流程配置文件: /home/zhsun/workspace/robot/nova5/robot_worker/src/../configs/workflow_config.yaml
2025-06-13 13:39:43,696 - INFO - work_flow.py:52 - 🏗️ 正在创建动态FSMState枚举...
2025-06-13 13:39:43,697 - INFO - work_flow.py:54 - ✅ 动态FSMState枚举创建完成，包含状态: ['DONE', 'ERROR', 'EXIT', 'START', 'DETECT_AND_ALIGN', 'REMEMBER_POSITION', 'MOVE_TO_SUCTION_CUP', 'TAKE_SUCTION_CUP', 'MOVE_TO_REMEMBER_POSITION', 'PICK_TESTING_DEVICE', 'MOVE_TO_FIXED_GRIPPER_POSITION', 'RELEASE_TESTING_DEVICE', 'GRAB_TEST_DEVICE', 'MOVE_TO_SUCTION_CUP_SECOND', 'RELEASE_SUCTION_CUP', 'MOVE_TO_CABLE', 'PICK_CABLE', 'UNPLUG_CABLE_FROM_STORAGE', 'MOVE_TO_RELAY_POSITION', 'MOVE_TO_OPERATE', 'OBSERVE_RESULT_AND_REMEMBER', 'UNPLUG_CABLE_FROM_DEVICE', 'MOVE_TO_CABLE_RETURN_POSITION', 'RETURN_TO_CABLE', 'RELEASE_CABLE', 'MOVE_TO_SUCTION_CUP_THIRD', 'TAKE_SUCTION_CUP_SECOND', 'MOVE_TO_FIXED_GRIPPER_POSITION_AGAIN', 'GRIPPER_RELEASE_DEVICE', 'PICK_TESTED_DEVICE', 'BRANCH_RESULT', 'RELEASE_TESTED_DEVICE', 'MOVE_TO_SUCTION_CUP_FOURTH', 'RELEASE_SUCTION_CUP_SECOND']
2025-06-13 13:39:43,697 - DEBUG - work_flow.py:59 - 
🎯 状态转换图:
🚀 初始状态: start

  [start] (移动到待测试设备箱子上方)
    --success--> [detect_and_align] (默认)
    --fail--> [error]

  [detect_and_align] (检测目标设备并进行对齐)
    --success--> [remember_position] (默认)
    --fail--> [error]
    --no_device--> [detect_and_align]

  [remember_position] (记住当前位置)
    --success--> [move_to_suction_cup] (默认)
    --fail--> [error]

  [move_to_suction_cup] (移动到吸盘位置)
    --success--> [take_suction_cup] (默认)
    --fail--> [error]

  [take_suction_cup] (拾取吸盘)
    --success--> [move_to_remember_position] (默认)
    --fail--> [error]

  [move_to_remember_position] (移动到记住的位置)
    --success--> [pick_testing_device] (默认)
    --fail--> [error]

  [pick_testing_device] (使用吸盘吸取待测试设备)
    --success--> [move_to_fixed_gripper_position] (默认)
    --fail--> [error] (默认)

  [move_to_fixed_gripper_position] (移动到操作位置)
    --success--> [release_testing_device] (默认)
    --fail--> [error]

  [release_testing_device] (使用吸盘释放待测试设备)
    --success--> [grab_test_device] (默认)
    --fail--> [error]

  [grab_test_device] (夹取待测试的设备)
    --success--> [move_to_suction_cup_second] (默认)
    --fail--> [error]

  [move_to_suction_cup_second] (再次移动到吸盘位置)
    --success--> [release_suction_cup] (默认)
    --fail--> [error]

  [release_suction_cup] (释放吸盘)
    --success--> [move_to_cable] (默认)
    --fail--> [error]

  [move_to_cable] (移动到线缆存放位置)
    --success--> [pick_cable] (默认)
    --fail--> [error]

  [pick_cable] (拾取测试线缆)
    --success--> [unplug_cable_from_storage] (默认)
    --fail--> [error]

  [unplug_cable_from_storage] (拔出测试线缆)
    --success--> [move_to_relay_position] (默认)
    --fail--> [error]

  [move_to_relay_position] (移动到中继位置)
    --success--> [move_to_operate] (默认)
    --fail--> [error]

  [move_to_operate] (移动到操作位置)
    --success--> [observe_result_and_remember] (默认)
    --fail--> [error]

  [observe_result_and_remember] (观察当前操作结果并记住)
    --success--> [unplug_cable_from_device] (默认)
    --fail--> [error]

  [unplug_cable_from_device] (拔出测试线缆)
    --success--> [move_to_cable_return_position] (默认)
    --fail--> [error]

  [move_to_cable_return_position] (移动到操作位置)
    --success--> [return_to_cable] (默认)
    --fail--> [error]

  [return_to_cable] (归还测试线缆到存放位置)
    --success--> [release_cable] (默认)
    --fail--> [error]

  [release_cable] (释放测试线缆)
    --success--> [move_to_suction_cup_third] (默认)
    --fail--> [error]

  [move_to_suction_cup_third] (第三次移动到吸盘位置)
    --success--> [take_suction_cup_second] (默认)
    --fail--> [error]

  [take_suction_cup_second] (第二次拾取吸盘)
    --success--> [move_to_fixed_gripper_position_again] (默认)
    --fail--> [error]

  [move_to_fixed_gripper_position_again] (再次移动到固定夹爪位置)
    --success--> [gripper_release_device] (默认)
    --fail--> [error]

  [gripper_release_device] (夹爪释放测试设备)
    --success--> [pick_tested_device] (默认)
    --fail--> [error]

  [pick_tested_device] (使用吸盘吸取测试完成的设备)
    --success--> [branch_result] (默认)
    --fail--> [error] (默认)

  [branch_result] (根据操作结果分支)
    --success--> [release_tested_device] (默认)
    --fail--> [error]

  [release_tested_device] (使用吸盘释放测试完成的设备)
    --success--> [move_to_suction_cup_fourth] (默认)
    --fail--> [error]

  [move_to_suction_cup_fourth] (第四次移动到吸盘位置)
    --success--> [release_suction_cup_second] (默认)
    --fail--> [error]

  [release_suction_cup_second] (第二次释放吸盘)
    --success--> [start]
    --fail--> [error]

2025-06-13 13:39:43,698 - DEBUG - work_flow.py:592 - ⌨️ 键盘监听已启动 (输入 'q' + Enter 可优雅退出)
2025-06-13 13:39:44,884 - INFO - work_flow.py:212 - 🟢 机器人连接成功
2025-06-13 13:39:45,299 - INFO - work_flow.py:264 - 🟢 夹爪ID:0 初始化成功，端口: /dev/ttyUSB0
2025-06-13 13:39:45,705 - INFO - work_flow.py:264 - 🟢 夹爪ID:1 初始化成功，端口: /dev/ttyUSB1
2025-06-13 13:39:45,706 - INFO - work_flow.py:266 - 🟢 夹爪控制器初始化成功，共初始化 2 个夹爪: [0, 1]
2025-06-13 13:39:48,711 - INFO - work_flow.py:292 - 🟢 DINO检测器初始化成功
2025-06-13 13:39:48,711 - INFO - action_handler.py:84 - 🟢 加载预设位置: ['devices_box_position', 'suction_cup_position', 'cable_storage_position', 'cable_return_position', 'fixed_gripper_position', 'relay_position_1', 'test_position', 'pass_device_position', 'fail_device_position', 'home_position', 'safe_position']
2025-06-13 13:39:49,249 - INFO - work_flow.py:321 - 🟢 动作处理器创建成功
2025-06-13 13:39:52,252 - INFO - work_flow.py:203 - 机器人工作流程初始化完成
2025-06-13 13:39:52,252 - INFO - work_flow.py:369 - 🚀 开始执行机器人FSM工作流程...
2025-06-13 13:39:52,253 - DEBUG - robot_manager.py:257 - 六维力传感器数据: Fx=-8.065999999999999, Fy=5.093, Fz=9.363, Mx=0.16399999999999998, My=0.2716, Mz=0.3909
2025-06-13 13:39:52,253 - INFO - work_flow.py:533 - ▶️ 状态: 'start' (移动到待测试设备箱子上方), 执行动作: 'move_to', 当前力传感器值: Fx=-8.065999999999999, Fy=5.093, Fz=9.363, Mx=0.16399999999999998, My=0.2716, Mz=0.3909
2025-06-13 13:39:52,253 - DEBUG - action_handler.py:491 - 当前位置: [-439.1906637170222, 351.7004438833822, 377.81924718252634, -177.922022773248, -2.054634609552757, 109.98947199765888], 目标位置: [-525, -225, 550, 180, 0, 20]
2025-06-13 13:39:56,893 - DEBUG - robot_manager.py:257 - 六维力传感器数据: Fx=-8.041, Fy=6.506, Fz=10.796000000000001, Mx=0.2413, My=0.39249999999999996, Mz=0.20839999999999997
2025-06-13 13:39:56,893 - INFO - work_flow.py:533 - ▶️ 状态: 'detect_and_align' (检测目标设备并进行对齐), 执行动作: 'detect_and_align', 当前力传感器值: Fx=-8.041, Fy=6.506, Fz=10.796000000000001, Mx=0.2413, My=0.39249999999999996, Mz=0.20839999999999997
2025-06-13 13:39:57,792 - DEBUG - action_handler.py:590 - ✅ 选择跟踪目标: small white box small box, 选取方式: pos_left_top
2025-06-13 13:39:57,792 - DEBUG - object_tracker.py:249 - 开始跟踪物体 (ID: 1): (211, 63, 424, 162, 0.4389271140098572, 'small white box small box')
2025-06-13 13:39:59,246 - DEBUG - action_handler.py:665 - 对齐结果: (-648.01, -78.10)
2025-06-13 13:40:01,661 - DEBUG - action_handler.py:665 - 对齐结果: (-683.16, -97.54)
2025-06-13 13:40:03,690 - DEBUG - action_handler.py:665 - 对齐结果: (-672.28, -111.37)
2025-06-13 13:40:05,598 - DEBUG - action_handler.py:665 - 对齐结果: (-667.43, -106.46)
2025-06-13 13:40:07,524 - DEBUG - action_handler.py:665 - 对齐结果: (-669.71, -104.72)
2025-06-13 13:40:09,436 - DEBUG - action_handler.py:665 - 对齐结果: (-670.46, -105.79)
2025-06-13 13:40:09,960 - DEBUG - object_tracker.py:264 - 停止跟踪物体 (ID: 1)
2025-06-13 13:40:10,461 - DEBUG - robot_manager.py:257 - 六维力传感器数据: Fx=-8.042, Fy=6.5969999999999995, Fz=10.789, Mx=0.2272, My=0.40469999999999995, Mz=0.23230000000000003
2025-06-13 13:40:10,461 - INFO - work_flow.py:533 - ▶️ 状态: 'remember_position' (记住当前位置), 执行动作: 'remember_position', 当前力传感器值: Fx=-8.042, Fy=6.5969999999999995, Fz=10.789, Mx=0.2272, My=0.40469999999999995, Mz=0.23230000000000003
2025-06-13 13:40:10,461 - DEBUG - action_handler.py:443 - ✅ 记住位置: device_position, 位置: [-670.4547157928665, -105.86174436680332, 549.9747358323431, -179.99917481738075, -0.006862105360532568, 20.00783821065718]
2025-06-13 13:40:10,962 - DEBUG - robot_manager.py:257 - 六维力传感器数据: Fx=-8.087, Fy=6.558, Fz=10.776, Mx=0.22830000000000003, My=0.4027000000000001, Mz=0.2325
2025-06-13 13:40:10,962 - INFO - work_flow.py:533 - ▶️ 状态: 'move_to_suction_cup' (移动到吸盘位置), 执行动作: 'move_to', 当前力传感器值: Fx=-8.087, Fy=6.558, Fz=10.776, Mx=0.22830000000000003, My=0.4027000000000001, Mz=0.2325
2025-06-13 13:40:10,963 - DEBUG - action_handler.py:491 - 当前位置: [-670.4535889981576, -105.83618660076989, 549.9864072231557, -179.99915560219375, -0.005728945064077219, 20.005531250958832], 目标位置: [-90, 638, 350, 180, 0, 20]
2025-06-13 13:40:14,511 - DEBUG - robot_manager.py:257 - 六维力传感器数据: Fx=-8.466, Fy=6.509, Fz=10.081, Mx=0.14429999999999998, My=0.3299, Mz=0.3278
2025-06-13 13:40:14,512 - INFO - work_flow.py:533 - ▶️ 状态: 'take_suction_cup' (拾取吸盘), 执行动作: 'pick_up', 当前力传感器值: Fx=-8.466, Fy=6.509, Fz=10.081, Mx=0.14429999999999998, My=0.3299, Mz=0.3278
2025-06-13 13:40:18,846 - DEBUG - robot_manager.py:257 - 六维力传感器数据: Fx=-8.434999999999999, Fy=6.608, Fz=12.095000000000002, Mx=0.1409, My=0.3422, Mz=0.3178
2025-06-13 13:40:18,847 - INFO - work_flow.py:533 - ▶️ 状态: 'move_to_remember_position' (移动到记住的位置), 执行动作: 'move_to', 当前力传感器值: Fx=-8.434999999999999, Fy=6.608, Fz=12.095000000000002, Mx=0.1409, My=0.3422, Mz=0.3178
2025-06-13 13:40:18,847 - DEBUG - action_handler.py:491 - 当前位置: [-90.03666495353869, 637.9794544050117, 350.00663365535746, 179.9963693774367, 0.0017834424334389812, 20.008926236188124], 目标位置: [-670.4547157928665, -105.86174436680332, 549.9747358323431, -179.99917481738075, -0.006862105360532568, 20.00783821065718]
2025-06-13 13:40:22,375 - DEBUG - robot_manager.py:257 - 六维力传感器数据: Fx=-8.055, Fy=6.575, Fz=12.997, Mx=0.2257, My=0.4086, Mz=0.2118
2025-06-13 13:40:22,375 - INFO - work_flow.py:533 - ▶️ 状态: 'pick_testing_device' (使用吸盘吸取待测试设备), 执行动作: 'suction_cup_suck', 当前力传感器值: Fx=-8.055, Fy=6.575, Fz=12.997, Mx=0.2257, My=0.4086, Mz=0.2118
2025-06-13 13:40:23,979 - DEBUG - robot_manager.py:257 - 六维力传感器数据: Fx=-8.317, Fy=6.686, Fz=12.482000000000001, Mx=0.22490000000000002, My=0.3881, Mz=0.2279
2025-06-13 13:40:25,010 - DEBUG - robot_manager.py:257 - 六维力传感器数据: Fx=-8.300999999999998, Fy=6.675999999999999, Fz=12.637, Mx=0.22319999999999998, My=0.38860000000000006, Mz=0.22749999999999998
2025-06-13 13:40:26,042 - DEBUG - robot_manager.py:257 - 六维力传感器数据: Fx=-8.273, Fy=6.672999999999999, Fz=12.668000000000001, Mx=0.22139999999999999, My=0.39049999999999996, Mz=0.22729999999999997
2025-06-13 13:40:27,073 - DEBUG - robot_manager.py:257 - 六维力传感器数据: Fx=-8.270999999999999, Fy=6.6800000000000015, Fz=12.677, Mx=0.21999999999999997, My=0.3904, Mz=0.22749999999999998
2025-06-13 13:40:28,106 - DEBUG - robot_manager.py:257 - 六维力传感器数据: Fx=-8.296, Fy=6.684, Fz=12.672000000000002, Mx=0.22000000000000003, My=0.3889, Mz=0.22800000000000004
2025-06-13 13:40:29,138 - DEBUG - robot_manager.py:257 - 六维力传感器数据: Fx=-8.309000000000001, Fy=6.691, Fz=12.647000000000002, Mx=0.2185, My=0.3886, Mz=0.22800000000000004
2025-06-13 13:40:30,169 - DEBUG - robot_manager.py:257 - 六维力传感器数据: Fx=-8.299, Fy=6.676, Fz=12.653, Mx=0.2184, My=0.38960000000000006, Mz=0.22800000000000004
2025-06-13 13:40:31,201 - DEBUG - robot_manager.py:257 - 六维力传感器数据: Fx=-8.303, Fy=6.686, Fz=12.630999999999998, Mx=0.219, My=0.38880000000000003, Mz=0.22890000000000002
2025-06-13 13:40:32,233 - DEBUG - robot_manager.py:257 - 六维力传感器数据: Fx=-8.654, Fy=7.107000000000001, Fz=10.336000000000002, Mx=0.14999999999999997, My=0.3256, Mz=0.22910000000000003
2025-06-13 13:40:33,265 - DEBUG - robot_manager.py:257 - 六维力传感器数据: Fx=-10.825, Fy=9.292, Fz=-13.796999999999997, Mx=-0.2052, My=-0.0733, Mz=0.22729999999999997
2025-06-13 13:40:35,927 - DEBUG - robot_manager.py:257 - 六维力传感器数据: Fx=-8.067, Fy=6.462999999999999, Fz=13.225, Mx=0.22880000000000003, My=0.4141, Mz=0.22020000000000003
2025-06-13 13:40:35,928 - INFO - work_flow.py:533 - ▶️ 状态: 'move_to_fixed_gripper_position' (移动到操作位置), 执行动作: 'move_to', 当前力传感器值: Fx=-8.067, Fy=6.462999999999999, Fz=13.225, Mx=0.22880000000000003, My=0.4141, Mz=0.22020000000000003
2025-06-13 13:40:35,928 - DEBUG - action_handler.py:491 - 当前位置: [-670.414021881594, -105.81443116179625, 549.9646269645476, -179.9982020445924, -0.02475546058169254, 19.996891581209812], 目标位置: [-435, 350, 400, 180, 0, 110]
2025-06-13 13:40:40,565 - DEBUG - robot_manager.py:257 - 六维力传感器数据: Fx=-7.728, Fy=4.712, Fz=11.43, Mx=0.13290000000000002, My=0.26660000000000006, Mz=0.44210000000000005
2025-06-13 13:40:40,565 - INFO - work_flow.py:533 - ▶️ 状态: 'release_testing_device' (使用吸盘释放待测试设备), 执行动作: 'suction_cup_release', 当前力传感器值: Fx=-7.728, Fy=4.712, Fz=11.43, Mx=0.13290000000000002, My=0.26660000000000006, Mz=0.44210000000000005
2025-06-13 13:40:41,066 - DEBUG - robot_manager.py:257 - 六维力传感器数据: Fx=-7.794, Fy=4.816, Fz=11.4, Mx=0.13410000000000002, My=0.2609, Mz=0.43800000000000006
2025-06-13 13:40:42,097 - DEBUG - robot_manager.py:257 - 六维力传感器数据: Fx=-7.831999999999999, Fy=4.883, Fz=11.437000000000001, Mx=0.1338, My=0.2609, Mz=0.43170000000000003
2025-06-13 13:40:43,130 - DEBUG - robot_manager.py:257 - 六维力传感器数据: Fx=-7.787999999999999, Fy=4.9159999999999995, Fz=11.462, Mx=0.1341, My=0.267, Mz=0.42729999999999996
2025-06-13 13:40:44,161 - DEBUG - robot_manager.py:257 - 六维力传感器数据: Fx=-7.7909999999999995, Fy=4.993, Fz=11.531, Mx=0.131, My=0.2706, Mz=0.42489999999999994
2025-06-13 13:40:45,193 - DEBUG - robot_manager.py:257 - 六维力传感器数据: Fx=-7.837000000000001, Fy=4.365999999999999, Fz=6.505, Mx=0.2326, My=0.2502, Mz=0.4269
2025-06-13 13:40:46,225 - DEBUG - robot_manager.py:257 - 六维力传感器数据: Fx=-5.331, Fy=-1.77, Fz=-30.357999, Mx=1.4167999999999998, My=0.6574, Mz=0.445
2025-06-13 13:40:48,282 - DEBUG - robot_manager.py:257 - 六维力传感器数据: Fx=-7.848999999999999, Fy=5.21, Fz=11.078999999999999, Mx=0.1349, My=0.2816, Mz=0.4041
2025-06-13 13:40:48,282 - INFO - work_flow.py:533 - ▶️ 状态: 'grab_test_device' (夹取待测试的设备), 执行动作: 'grab', 当前力传感器值: Fx=-7.848999999999999, Fy=5.21, Fz=11.078999999999999, Mx=0.1349, My=0.2816, Mz=0.4041
2025-06-13 13:40:49,085 - DEBUG - robot_manager.py:257 - 六维力传感器数据: Fx=-7.945000000000002, Fy=5.24, Fz=11.218, Mx=0.13440000000000002, My=0.27430000000000004, Mz=0.40470000000000006
2025-06-13 13:40:49,086 - INFO - work_flow.py:533 - ▶️ 状态: 'move_to_suction_cup_second' (再次移动到吸盘位置), 执行动作: 'move_to', 当前力传感器值: Fx=-7.945000000000002, Fy=5.24, Fz=11.218, Mx=0.13440000000000002, My=0.27430000000000004, Mz=0.40470000000000006
2025-06-13 13:40:49,086 - DEBUG - action_handler.py:491 - 当前位置: [-435.0079972267484, 349.9811385450572, 400.01180851476073, -179.99455762080404, 0.0005231341713442202, 110.01019703101181], 目标位置: [-90, 638, 350, 180, 0, 20]
2025-06-13 13:40:53,709 - DEBUG - robot_manager.py:257 - 六维力传感器数据: Fx=-8.093, Fy=7.167999999999999, Fz=12.623, Mx=0.1523, My=0.38709999999999994, Mz=0.2545
2025-06-13 13:40:53,710 - INFO - work_flow.py:533 - ▶️ 状态: 'release_suction_cup' (释放吸盘), 执行动作: 'put_down', 当前力传感器值: Fx=-8.093, Fy=7.167999999999999, Fz=12.623, Mx=0.1523, My=0.38709999999999994, Mz=0.2545
2025-06-13 13:40:54,954 - DEBUG - robot_manager.py:257 - 六维力传感器数据: Fx=-8.222, Fy=6.833000000000001, Fz=12.262, Mx=0.1398, My=0.36550000000000005, Mz=0.2875
2025-06-13 13:40:55,986 - DEBUG - robot_manager.py:257 - 六维力传感器数据: Fx=-8.247, Fy=6.8549999999999995, Fz=12.215, Mx=0.13849999999999998, My=0.3645, Mz=0.2885
2025-06-13 13:40:57,013 - DEBUG - robot_manager.py:257 - 六维力传感器数据: Fx=-8.247000000000002, Fy=6.836, Fz=12.216, Mx=0.1379, My=0.36329999999999996, Mz=0.2891
2025-06-13 13:40:58,045 - DEBUG - robot_manager.py:257 - 六维力传感器数据: Fx=-9.870999999999999, Fy=5.912000000000001, Fz=-0.63, Mx=0.1632, My=0.25, Mz=0.29769999999999996
2025-06-13 13:41:01,393 - DEBUG - robot_manager.py:257 - 六维力传感器数据: Fx=-8.336999999999998, Fy=6.8180000000000005, Fz=10.153, Mx=0.1542, My=0.3465, Mz=0.2888
2025-06-13 13:41:01,394 - INFO - work_flow.py:533 - ▶️ 状态: 'move_to_cable' (移动到线缆存放位置), 执行动作: 'move_to', 当前力传感器值: Fx=-8.336999999999998, Fy=6.8180000000000005, Fz=10.153, Mx=0.1542, My=0.3465, Mz=0.2888
2025-06-13 13:41:01,394 - DEBUG - action_handler.py:491 - 当前位置: [-90.03556399718123, 637.982290228046, 349.99329256940376, 179.99406208905904, -0.0032143307459213616, 19.99854046843584], 目标位置: [35, 595, 200, 180, 0, 17]
2025-06-13 13:41:03,247 - DEBUG - robot_manager.py:257 - 六维力传感器数据: Fx=-8.571000000000002, Fy=6.081999999999999, Fz=9.648000000000001, Mx=0.14919999999999997, My=0.30720000000000003, Mz=0.35069999999999996
2025-06-13 13:41:03,247 - INFO - work_flow.py:533 - ▶️ 状态: 'pick_cable' (拾取测试线缆), 执行动作: 'pick_up', 当前力传感器值: Fx=-8.571000000000002, Fy=6.081999999999999, Fz=9.648000000000001, Mx=0.14919999999999997, My=0.30720000000000003, Mz=0.35069999999999996
2025-06-13 13:41:06,588 - DEBUG - robot_manager.py:257 - 六维力传感器数据: Fx=-6.461999999999999, Fy=0.6369999999999999, Fz=9.331, Mx=0.7465, My=0.5577000000000001, Mz=0.24700000000000003
2025-06-13 13:41:06,589 - INFO - work_flow.py:533 - ▶️ 状态: 'unplug_cable_from_storage' (拔出测试线缆), 执行动作: 'relative_move_to', 当前力传感器值: Fx=-6.461999999999999, Fy=0.6369999999999999, Fz=9.331, Mx=0.7465, My=0.5577000000000001, Mz=0.24700000000000003
2025-06-13 13:41:07,733 - DEBUG - robot_manager.py:257 - 六维力传感器数据: Fx=-8.746999999999998, Fy=5.842, Fz=9.72, Mx=0.1473, My=0.2964, Mz=0.3706
2025-06-13 13:41:07,733 - INFO - work_flow.py:533 - ▶️ 状态: 'move_to_relay_position' (移动到中继位置), 执行动作: 'move_to', 当前力传感器值: Fx=-8.746999999999998, Fy=5.842, Fz=9.72, Mx=0.1473, My=0.2964, Mz=0.3706
2025-06-13 13:41:07,733 - DEBUG - action_handler.py:491 - 当前位置: [35.159618480031014, 545.0048815896561, 182.98466067103607, -179.99131967029476, -0.00619403042519718, 16.988419182261367], 目标位置: [-503, 0, 347, 180, 0, 20]
2025-06-13 13:41:10,946 - DEBUG - robot_manager.py:257 - 六维力传感器数据: Fx=-8.068, Fy=6.931, Fz=10.953999999999999, Mx=0.2012, My=0.4124, Mz=0.19170000000000004
2025-06-13 13:41:10,946 - INFO - work_flow.py:533 - ▶️ 状态: 'move_to_operate' (移动到操作位置), 执行动作: 'move_to', 当前力传感器值: Fx=-8.068, Fy=6.931, Fz=10.953999999999999, Mx=0.2012, My=0.4124, Mz=0.19170000000000004
2025-06-13 13:41:10,946 - DEBUG - action_handler.py:491 - 当前位置: [-502.98327118491835, 0.018813414630586604, 346.99740148065314, 179.99751211910905, -0.005688107362485911, 19.991245678372174], 目标位置: [-428, 150, 297, 180, 0, 20]
2025-06-13 13:41:12,390 - DEBUG - robot_manager.py:257 - 六维力传感器数据: Fx=-8.218999999999998, Fy=6.797, Fz=10.776, Mx=0.201, My=0.41069999999999995, Mz=0.23529999999999998
2025-06-13 13:41:12,390 - INFO - work_flow.py:533 - ▶️ 状态: 'observe_result_and_remember' (观察当前操作结果并记住), 执行动作: 'observe_result', 当前力传感器值: Fx=-8.218999999999998, Fy=6.797, Fz=10.776, Mx=0.201, My=0.41069999999999995, Mz=0.23529999999999998
2025-06-13 13:41:14,392 - INFO - action_handler.py:952 - 测试结果: fail
2025-06-13 13:41:14,893 - DEBUG - robot_manager.py:257 - 六维力传感器数据: Fx=-8.221, Fy=6.862, Fz=10.725999999999999, Mx=0.1978, My=0.40919999999999995, Mz=0.23479999999999998
2025-06-13 13:41:14,894 - INFO - work_flow.py:533 - ▶️ 状态: 'unplug_cable_from_device' (拔出测试线缆), 执行动作: 'relative_move_to', 当前力传感器值: Fx=-8.221, Fy=6.862, Fz=10.725999999999999, Mx=0.1978, My=0.40919999999999995, Mz=0.23479999999999998
2025-06-13 13:41:16,034 - DEBUG - robot_manager.py:257 - 六维力传感器数据: Fx=-8.158, Fy=6.915000000000001, Fz=10.812999999999999, Mx=0.19960000000000003, My=0.4090999999999999, Mz=0.2118
2025-06-13 13:41:16,034 - INFO - work_flow.py:533 - ▶️ 状态: 'move_to_cable_return_position' (移动到操作位置), 执行动作: 'move_to', 当前力传感器值: Fx=-8.158, Fy=6.915000000000001, Fz=10.812999999999999, Mx=0.19960000000000003, My=0.4090999999999999, Mz=0.2118
2025-06-13 13:41:16,034 - DEBUG - action_handler.py:491 - 当前位置: [-428.0169348261812, 99.95772321150388, 296.99227791380565, -179.99654232967913, -0.0014103800428276428, 20.00032555520217], 目标位置: [35, 575, 183, -180, 0, 17]
2025-06-13 13:41:18,949 - DEBUG - robot_manager.py:257 - 六维力传感器数据: Fx=-8.752, Fy=5.781000000000001, Fz=9.471, Mx=0.1551, My=0.2868, Mz=0.3891
2025-06-13 13:41:18,950 - INFO - work_flow.py:533 - ▶️ 状态: 'return_to_cable' (归还测试线缆到存放位置), 执行动作: 'move_to', 当前力传感器值: Fx=-8.752, Fy=5.781000000000001, Fz=9.471, Mx=0.1551, My=0.2868, Mz=0.3891
2025-06-13 13:41:18,950 - DEBUG - action_handler.py:491 - 当前位置: [34.96992276435812, 574.9988464043956, 183.00295283995465, 179.9976517490524, -0.003917662520566753, 17.010665991741842], 目标位置: [34.96992276435812, 595, 183.00295283995465, 179.9976517490524, -0.003917662520566753, 17.010665991741842]
2025-06-13 13:41:20,309 - DEBUG - robot_manager.py:257 - 六维力传感器数据: Fx=-24.583999, Fy=-24.226999, Fz=10.538, Mx=3.5046, My=-1.4302, Mz=0.29109999999999997
2025-06-13 13:41:20,310 - INFO - work_flow.py:533 - ▶️ 状态: 'release_cable' (释放测试线缆), 执行动作: 'release', 当前力传感器值: Fx=-24.583999, Fy=-24.226999, Fz=10.538, Mx=3.5046, My=-1.4302, Mz=0.29109999999999997
2025-06-13 13:41:22,913 - DEBUG - robot_manager.py:257 - 六维力传感器数据: Fx=-8.714, Fy=5.997999999999999, Fz=9.706, Mx=0.1473, My=0.29819999999999997, Mz=0.36429999999999996
2025-06-13 13:41:22,914 - INFO - work_flow.py:533 - ▶️ 状态: 'move_to_suction_cup_third' (第三次移动到吸盘位置), 执行动作: 'move_to', 当前力传感器值: Fx=-8.714, Fy=5.997999999999999, Fz=9.706, Mx=0.1473, My=0.29819999999999997, Mz=0.36429999999999996
2025-06-13 13:41:22,914 - DEBUG - action_handler.py:491 - 当前位置: [34.969093007778405, 594.9997063800837, 183.00457344049843, 179.99769869019116, -0.004222756986023139, 17.011351636651266], 目标位置: [-90, 638, 350, 180, 0, 20]
2025-06-13 13:41:24,438 - DEBUG - robot_manager.py:257 - 六维力传感器数据: Fx=-8.545, Fy=6.775, Fz=10.049999999999999, Mx=0.15069999999999997, My=0.33680000000000004, Mz=0.3019
2025-06-13 13:41:24,439 - INFO - work_flow.py:533 - ▶️ 状态: 'take_suction_cup_second' (第二次拾取吸盘), 执行动作: 'pick_up', 当前力传感器值: Fx=-8.545, Fy=6.775, Fz=10.049999999999999, Mx=0.15069999999999997, My=0.33680000000000004, Mz=0.3019
2025-06-13 13:41:28,701 - DEBUG - robot_manager.py:257 - 六维力传感器数据: Fx=-8.513, Fy=6.685, Fz=12.075999999999999, Mx=0.1457, My=0.34330000000000005, Mz=0.3053
2025-06-13 13:41:28,701 - INFO - work_flow.py:533 - ▶️ 状态: 'move_to_fixed_gripper_position_again' (再次移动到固定夹爪位置), 执行动作: 'move_to', 当前力传感器值: Fx=-8.513, Fy=6.685, Fz=12.075999999999999, Mx=0.1457, My=0.34330000000000005, Mz=0.3053
2025-06-13 13:41:28,701 - DEBUG - action_handler.py:491 - 当前位置: [-89.9768648134013, 637.9773339903038, 349.9538329886181, 179.98311260042036, 0.008100837327391306, 19.990266677646655], 目标位置: [-435, 350, 400, 180, 0, 110]
2025-06-13 13:41:33,365 - DEBUG - robot_manager.py:257 - 六维力传感器数据: Fx=-7.986, Fy=4.982, Fz=11.064, Mx=0.13440000000000002, My=0.2576, Mz=0.42669999999999997
2025-06-13 13:41:33,366 - INFO - work_flow.py:533 - ▶️ 状态: 'gripper_release_device' (夹爪释放测试设备), 执行动作: 'release', 当前力传感器值: Fx=-7.986, Fy=4.982, Fz=11.064, Mx=0.13440000000000002, My=0.2576, Mz=0.42669999999999997
2025-06-13 13:41:35,969 - DEBUG - robot_manager.py:257 - 六维力传感器数据: Fx=-7.970999999999999, Fy=5.0969999999999995, Fz=11.133, Mx=0.13510000000000005, My=0.26339999999999997, Mz=0.41879999999999995
2025-06-13 13:41:35,969 - INFO - work_flow.py:533 - ▶️ 状态: 'pick_tested_device' (使用吸盘吸取测试完成的设备), 执行动作: 'suction_cup_suck', 当前力传感器值: Fx=-7.970999999999999, Fy=5.0969999999999995, Fz=11.133, Mx=0.13510000000000005, My=0.26339999999999997, Mz=0.41879999999999995
2025-06-13 13:41:36,992 - DEBUG - robot_manager.py:257 - 六维力传感器数据: Fx=-7.672, Fy=3.893, Fz=2.539, Mx=0.36739999999999995, My=0.3036, Mz=0.4181
2025-06-13 13:41:38,025 - DEBUG - robot_manager.py:257 - 六维力传感器数据: Fx=-5.382, Fy=-1.704, Fz=-29.724999000000004, Mx=1.4659, My=0.6627000000000001, Mz=0.44160000000000005
2025-06-13 13:41:40,052 - DEBUG - robot_manager.py:257 - 六维力传感器数据: Fx=-7.944000000000001, Fy=5.075, Fz=11.282, Mx=0.13540000000000002, My=0.26709999999999995, Mz=0.41259999999999997
2025-06-13 13:41:40,053 - INFO - work_flow.py:533 - ▶️ 状态: 'branch_result' (根据操作结果分支), 执行动作: 'branch_result', 当前力传感器值: Fx=-7.944000000000001, Fy=5.075, Fz=11.282, Mx=0.13540000000000002, My=0.26709999999999995, Mz=0.41259999999999997
2025-06-13 13:41:40,053 - INFO - action_handler.py:978 - 分拣到不合格分拣箱...
2025-06-13 13:41:41,681 - DEBUG - robot_manager.py:257 - 六维力传感器数据: Fx=-8.321, Fy=6.644, Fz=12.623999999999999, Mx=0.1343, My=0.3516, Mz=0.3026
2025-06-13 13:41:41,681 - INFO - work_flow.py:533 - ▶️ 状态: 'release_tested_device' (使用吸盘释放测试完成的设备), 执行动作: 'suction_cup_release', 当前力传感器值: Fx=-8.321, Fy=6.644, Fz=12.623999999999999, Mx=0.1343, My=0.3516, Mz=0.3026
2025-06-13 13:41:42,182 - DEBUG - robot_manager.py:257 - 六维力传感器数据: Fx=-8.454, Fy=6.615, Fz=12.558, Mx=0.1386, My=0.331, Mz=0.3054
2025-06-13 13:41:43,213 - DEBUG - robot_manager.py:257 - 六维力传感器数据: Fx=-8.419, Fy=6.556, Fz=12.55, Mx=0.1357, My=0.33390000000000003, Mz=0.30920000000000003
2025-06-13 13:41:44,244 - DEBUG - robot_manager.py:257 - 六维力传感器数据: Fx=-8.315999999999999, Fy=6.449, Fz=12.575999999999999, Mx=0.13740000000000002, My=0.33799999999999997, Mz=0.31620000000000004
2025-06-13 13:41:45,276 - DEBUG - robot_manager.py:257 - 六维力传感器数据: Fx=-8.248999999999999, Fy=6.43, Fz=12.434999999999999, Mx=0.1365, My=0.34349999999999997, Mz=0.3211
2025-06-13 13:41:46,304 - DEBUG - robot_manager.py:257 - 六维力传感器数据: Fx=-8.445, Fy=6.358, Fz=12.404999999999998, Mx=0.13930000000000003, My=0.32060000000000005, Mz=0.3262
2025-06-13 13:41:47,336 - DEBUG - robot_manager.py:257 - 六维力传感器数据: Fx=-8.343, Fy=6.263, Fz=12.445, Mx=0.1393, My=0.32989999999999997, Mz=0.3298
2025-06-13 13:41:48,368 - DEBUG - robot_manager.py:257 - 六维力传感器数据: Fx=-8.421999999999999, Fy=6.225999999999999, Fz=12.45, Mx=0.13909999999999997, My=0.3176, Mz=0.33280000000000004
2025-06-13 13:41:49,396 - DEBUG - robot_manager.py:257 - 六维力传感器数据: Fx=-8.266000000000002, Fy=6.245, Fz=12.333000000000002, Mx=0.1366, My=0.33749999999999997, Mz=0.3357
2025-06-13 13:41:50,428 - DEBUG - robot_manager.py:257 - 六维力传感器数据: Fx=-8.368, Fy=6.210000000000001, Fz=12.125, Mx=0.1383, My=0.3329, Mz=0.3386
2025-06-13 13:41:51,456 - DEBUG - robot_manager.py:257 - 六维力传感器数据: Fx=-8.492999999999999, Fy=6.121, Fz=12.330999999999998, Mx=0.139, My=0.3162, Mz=0.3431
2025-06-13 13:41:52,488 - DEBUG - robot_manager.py:257 - 六维力传感器数据: Fx=-8.420000000000002, Fy=6.089, Fz=12.398, Mx=0.1386, My=0.3165, Mz=0.3452
2025-06-13 13:41:53,520 - DEBUG - robot_manager.py:257 - 六维力传感器数据: Fx=-8.359, Fy=6.034, Fz=12.259999999999998, Mx=0.13809999999999997, My=0.3251, Mz=0.3485
2025-06-13 13:41:54,553 - DEBUG - robot_manager.py:257 - 六维力传感器数据: Fx=-8.457, Fy=6.022, Fz=11.290000000000001, Mx=0.1407, My=0.32820000000000005, Mz=0.3504
2025-06-13 13:41:55,584 - DEBUG - robot_manager.py:257 - 六维力传感器数据: Fx=-8.944, Fy=4.432, Fz=-33.269999, Mx=0.6533, My=0.045099999999999994, Mz=0.3619
2025-06-13 13:41:57,837 - DEBUG - robot_manager.py:257 - 六维力传感器数据: Fx=-8.489, Fy=6.218, Fz=11.706999999999999, Mx=0.1416, My=0.3206, Mz=0.33270000000000005
2025-06-13 13:41:57,837 - INFO - work_flow.py:533 - ▶️ 状态: 'move_to_suction_cup_fourth' (第四次移动到吸盘位置), 执行动作: 'move_to', 当前力传感器值: Fx=-8.489, Fy=6.218, Fz=11.706999999999999, Mx=0.1416, My=0.3206, Mz=0.33270000000000005
2025-06-13 13:41:57,837 - DEBUG - action_handler.py:491 - 当前位置: [-499.99197159037203, 129.99851798817193, 314.97929070723615, 179.99451689349803, 6.0249141054348735e-05, 109.99472907885404], 目标位置: [-90, 638, 350, 180, 0, 20]
2025-06-13 13:42:02,474 - DEBUG - robot_manager.py:257 - 六维力传感器数据: Fx=-8.246, Fy=7.191, Fz=12.285, Mx=0.14609999999999998, My=0.3791, Mz=0.26180000000000003
2025-06-13 13:42:02,474 - INFO - work_flow.py:533 - ▶️ 状态: 'release_suction_cup_second' (第二次释放吸盘), 执行动作: 'put_down', 当前力传感器值: Fx=-8.246, Fy=7.191, Fz=12.285, Mx=0.14609999999999998, My=0.3791, Mz=0.26180000000000003
2025-06-13 13:42:03,701 - DEBUG - robot_manager.py:257 - 六维力传感器数据: Fx=-7.628, Fy=7.7829999999999995, Fz=12.082, Mx=0.022400000000000003, My=0.47919999999999996, Mz=0.2674
2025-06-13 13:42:04,716 - DEBUG - robot_manager.py:257 - 六维力传感器数据: Fx=-7.642, Fy=7.810999999999998, Fz=11.944999999999999, Mx=0.013500000000000002, My=0.47929999999999995, Mz=0.2679
2025-06-13 13:42:05,744 - DEBUG - robot_manager.py:257 - 六维力传感器数据: Fx=-8.335999999999999, Fy=7.215000000000001, Fz=6.3149999999999995, Mx=0.09069999999999999, My=0.47350000000000003, Mz=0.26450000000000007
2025-06-13 13:42:06,776 - DEBUG - robot_manager.py:257 - 六维力传感器数据: Fx=-9.794, Fy=5.35, Fz=-1.809, Mx=0.3509, My=0.2856, Mz=0.26280000000000003
2025-06-13 13:42:10,112 - DEBUG - robot_manager.py:257 - 六维力传感器数据: Fx=-8.316999999999998, Fy=7.059, Fz=10.363000000000001, Mx=0.1576, My=0.3632000000000001, Mz=0.27070000000000005
2025-06-13 13:42:10,113 - INFO - work_flow.py:533 - ▶️ 状态: 'start' (移动到待测试设备箱子上方), 执行动作: 'move_to', 当前力传感器值: Fx=-8.316999999999998, Fy=7.059, Fz=10.363000000000001, Mx=0.1576, My=0.3632000000000001, Mz=0.27070000000000005
2025-06-13 13:42:10,113 - DEBUG - action_handler.py:491 - 当前位置: [-90.0399776436295, 637.9735630819639, 349.98910534693795, 179.9917588677246, 0.010134563978434005, 19.996802483059188], 目标位置: [-525, -225, 550, 180, 0, 20]
2025-06-13 13:42:13,743 - DEBUG - robot_manager.py:257 - 六维力传感器数据: Fx=-8.164, Fy=6.523000000000001, Fz=10.724, Mx=0.23420000000000002, My=0.3816, Mz=0.20670000000000002
2025-06-13 13:42:13,743 - INFO - work_flow.py:533 - ▶️ 状态: 'detect_and_align' (检测目标设备并进行对齐), 执行动作: 'detect_and_align', 当前力传感器值: Fx=-8.164, Fy=6.523000000000001, Fz=10.724, Mx=0.23420000000000002, My=0.3816, Mz=0.20670000000000002
2025-06-13 13:42:14,179 - DEBUG - action_handler.py:590 - ✅ 选择跟踪目标: small white box small box, 选取方式: pos_left_top
2025-06-13 13:42:14,180 - DEBUG - object_tracker.py:249 - 开始跟踪物体 (ID: 1): (215, 155, 427, 252, 0.4409853219985962, 'small white box small box')
2025-06-13 13:42:15,621 - DEBUG - action_handler.py:665 - 对齐结果: (-648.45, -78.51)
2025-06-13 13:42:18,072 - DEBUG - action_handler.py:665 - 对齐结果: (-698.58, -142.22)
2025-06-13 13:42:20,252 - DEBUG - action_handler.py:665 - 对齐结果: (-666.90, -160.18)
2025-06-13 13:42:22,328 - DEBUG - action_handler.py:665 - 对齐结果: (-662.03, -144.99)
2025-06-13 13:42:24,304 - DEBUG - action_handler.py:665 - 对齐结果: (-669.08, -143.79)
2025-06-13 13:42:26,242 - DEBUG - action_handler.py:665 - 对齐结果: (-669.30, -147.33)
2025-06-13 13:42:26,767 - DEBUG - object_tracker.py:264 - 停止跟踪物体 (ID: 1)
2025-06-13 13:42:27,268 - DEBUG - robot_manager.py:257 - 六维力传感器数据: Fx=-8.132, Fy=6.531000000000001, Fz=10.808000000000002, Mx=0.23000000000000004, My=0.39910000000000007, Mz=0.2298
2025-06-13 13:42:27,269 - INFO - work_flow.py:533 - ▶️ 状态: 'remember_position' (记住当前位置), 执行动作: 'remember_position', 当前力传感器值: Fx=-8.132, Fy=6.531000000000001, Fz=10.808000000000002, Mx=0.23000000000000004, My=0.39910000000000007, Mz=0.2298
2025-06-13 13:42:27,269 - DEBUG - action_handler.py:443 - ✅ 记住位置: device_position, 位置: [-669.2898547848711, -147.38952773461762, 549.9822667261111, -179.99774002998348, -0.007682871551590662, 20.00506359125659]
2025-06-13 13:42:27,770 - DEBUG - robot_manager.py:257 - 六维力传感器数据: Fx=-8.205000000000002, Fy=6.4879999999999995, Fz=10.76, Mx=0.23199999999999998, My=0.3952, Mz=0.23020000000000002
2025-06-13 13:42:27,770 - INFO - work_flow.py:533 - ▶️ 状态: 'move_to_suction_cup' (移动到吸盘位置), 执行动作: 'move_to', 当前力传感器值: Fx=-8.205000000000002, Fy=6.4879999999999995, Fz=10.76, Mx=0.23199999999999998, My=0.3952, Mz=0.23020000000000002
2025-06-13 13:42:27,770 - DEBUG - action_handler.py:491 - 当前位置: [-669.2945096918825, -147.35448402288165, 549.9950112381784, -179.99787277804128, -0.005985056028383784, 20.002166038043722], 目标位置: [-90, 638, 350, 180, 0, 20]
2025-06-13 13:42:31,401 - DEBUG - robot_manager.py:257 - 六维力传感器数据: Fx=-8.513, Fy=6.456999999999999, Fz=9.998999999999999, Mx=0.143, My=0.32580000000000003, Mz=0.3345
2025-06-13 13:42:31,401 - INFO - work_flow.py:533 - ▶️ 状态: 'take_suction_cup' (拾取吸盘), 执行动作: 'pick_up', 当前力传感器值: Fx=-8.513, Fy=6.456999999999999, Fz=9.998999999999999, Mx=0.143, My=0.32580000000000003, Mz=0.3345
2025-06-13 13:42:35,667 - DEBUG - robot_manager.py:257 - 六维力传感器数据: Fx=-8.5, Fy=6.566, Fz=12.030999999999999, Mx=0.1386, My=0.34030000000000005, Mz=0.3235
2025-06-13 13:42:35,668 - INFO - work_flow.py:533 - ▶️ 状态: 'move_to_remember_position' (移动到记住的位置), 执行动作: 'move_to', 当前力传感器值: Fx=-8.5, Fy=6.566, Fz=12.030999999999999, Mx=0.1386, My=0.34030000000000005, Mz=0.3235
2025-06-13 13:42:35,668 - DEBUG - action_handler.py:491 - 当前位置: [-90.04978065353309, 637.973848168774, 350.0026783054848, 179.9955787853862, 0.012678748810905943, 20.00811085374846], 目标位置: [-669.2898547848711, -147.38952773461762, 549.9822667261111, -179.99774002998348, -0.007682871551590662, 20.00506359125659]
2025-06-13 13:42:39,297 - DEBUG - robot_manager.py:257 - 六维力传感器数据: Fx=-8.181000000000001, Fy=6.534999999999999, Fz=12.938000000000002, Mx=0.22550000000000003, My=0.4021, Mz=0.21230000000000002
2025-06-13 13:42:39,297 - INFO - work_flow.py:533 - ▶️ 状态: 'pick_testing_device' (使用吸盘吸取待测试设备), 执行动作: 'suction_cup_suck', 当前力传感器值: Fx=-8.181000000000001, Fy=6.534999999999999, Fz=12.938000000000002, Mx=0.22550000000000003, My=0.4021, Mz=0.21230000000000002
2025-06-13 13:42:40,830 - DEBUG - robot_manager.py:257 - 六维力传感器数据: Fx=-8.233, Fy=6.662000000000001, Fz=12.713, Mx=0.22490000000000002, My=0.3928, Mz=0.22510000000000002
2025-06-13 13:42:41,860 - DEBUG - robot_manager.py:257 - 六维力传感器数据: Fx=-8.271, Fy=6.648000000000001, Fz=12.683, Mx=0.22490000000000002, My=0.39, Mz=0.2258
2025-06-13 13:42:42,891 - DEBUG - robot_manager.py:257 - 六维力传感器数据: Fx=-8.363, Fy=6.626, Fz=12.665000000000001, Mx=0.2258, My=0.38409999999999994, Mz=0.2263
2025-06-13 13:42:43,923 - DEBUG - robot_manager.py:257 - 六维力传感器数据: Fx=-8.303999999999998, Fy=6.662999999999999, Fz=12.580000000000002, Mx=0.22230000000000003, My=0.3886, Mz=0.2265
2025-06-13 13:42:44,955 - DEBUG - robot_manager.py:257 - 六维力传感器数据: Fx=-8.321, Fy=6.659999999999999, Fz=12.62, Mx=0.2222, My=0.38710000000000006, Mz=0.22679999999999997
2025-06-13 13:42:45,987 - DEBUG - robot_manager.py:257 - 六维力传感器数据: Fx=-8.340999999999998, Fy=6.6370000000000005, Fz=12.62, Mx=0.22230000000000003, My=0.3865, Mz=0.2273
2025-06-13 13:42:47,019 - DEBUG - robot_manager.py:257 - 六维力传感器数据: Fx=-8.33, Fy=6.656000000000001, Fz=12.634, Mx=0.22119999999999998, My=0.3867, Mz=0.2273
2025-06-13 13:42:48,052 - DEBUG - robot_manager.py:257 - 六维力传感器数据: Fx=-8.315999999999999, Fy=6.656999999999999, Fz=12.620999999999999, Mx=0.2211, My=0.3875, Mz=0.22770000000000007
2025-06-13 13:42:49,084 - DEBUG - robot_manager.py:257 - 六维力传感器数据: Fx=-8.676, Fy=7.273000000000001, Fz=9.347000000000001, Mx=0.11979999999999999, My=0.3155, Mz=0.22690000000000002
2025-06-13 13:42:50,115 - DEBUG - robot_manager.py:257 - 六维力传感器数据: Fx=-10.76, Fy=9.202000000000002, Fz=-13.632, Mx=-0.1769, My=-0.0828, Mz=0.22210000000000002
2025-06-13 13:42:52,856 - DEBUG - robot_manager.py:257 - 六维力传感器数据: Fx=-8.166, Fy=6.672, Fz=13.131, Mx=0.21000000000000002, My=0.40780000000000005, Mz=0.2202
2025-06-13 13:42:52,856 - INFO - work_flow.py:533 - ▶️ 状态: 'move_to_fixed_gripper_position' (移动到操作位置), 执行动作: 'move_to', 当前力传感器值: Fx=-8.166, Fy=6.672, Fz=13.131, Mx=0.21000000000000002, My=0.40780000000000005, Mz=0.2202
2025-06-13 13:42:52,856 - DEBUG - action_handler.py:491 - 当前位置: [-669.2836473288075, -147.2903102783774, 549.928341206239, -179.9952909026492, -0.029196825291695074, 19.9901057908848], 目标位置: [-435, 350, 400, 180, 0, 110]
2025-06-13 13:42:57,574 - DEBUG - robot_manager.py:257 - 六维力传感器数据: Fx=-7.7379999999999995, Fy=4.481999999999999, Fz=11.249, Mx=0.13410000000000002, My=0.2584, Mz=0.45410000000000006
2025-06-13 13:42:57,574 - INFO - work_flow.py:533 - ▶️ 状态: 'release_testing_device' (使用吸盘释放待测试设备), 执行动作: 'suction_cup_release', 当前力传感器值: Fx=-7.7379999999999995, Fy=4.481999999999999, Fz=11.249, Mx=0.13410000000000002, My=0.2584, Mz=0.45410000000000006
2025-06-13 13:42:58,075 - DEBUG - robot_manager.py:257 - 六维力传感器数据: Fx=-7.803, Fy=4.524, Fz=11.41, Mx=0.1391, My=0.2539, Mz=0.45
2025-06-13 13:42:59,103 - DEBUG - robot_manager.py:257 - 六维力传感器数据: Fx=-7.786, Fy=4.676, Fz=11.366, Mx=0.1333, My=0.2545, Mz=0.44289999999999996
2025-06-13 13:43:00,131 - DEBUG - robot_manager.py:257 - 六维力传感器数据: Fx=-7.8, Fy=4.731, Fz=11.409, Mx=0.13530000000000003, My=0.258, Mz=0.43949999999999995
2025-06-13 13:43:01,163 - DEBUG - robot_manager.py:257 - 六维力传感器数据: Fx=-7.736, Fy=4.773999999999999, Fz=11.466999999999999, Mx=0.13130000000000003, My=0.2677, Mz=0.4364
2025-06-13 13:43:02,191 - DEBUG - robot_manager.py:257 - 六维力传感器数据: Fx=-7.808, Fy=4.359, Fz=7.426000000000002, Mx=0.20660000000000003, My=0.25669999999999993, Mz=0.4351
2025-06-13 13:43:03,223 - DEBUG - robot_manager.py:257 - 六维力传感器数据: Fx=-5.6899999999999995, Fy=-0.7419999999999999, Fz=-29.816999, Mx=1.2214, My=0.5402, Mz=0.45809999999999995
2025-06-13 13:43:05,291 - DEBUG - robot_manager.py:257 - 六维力传感器数据: Fx=-7.876, Fy=5.073, Fz=10.956999999999999, Mx=0.13310000000000002, My=0.2734, Mz=0.4138
2025-06-13 13:43:05,291 - INFO - work_flow.py:533 - ▶️ 状态: 'grab_test_device' (夹取待测试的设备), 执行动作: 'grab', 当前力传感器值: Fx=-7.876, Fy=5.073, Fz=10.956999999999999, Mx=0.13310000000000002, My=0.2734, Mz=0.4138
2025-06-13 13:43:06,094 - DEBUG - robot_manager.py:257 - 六维力传感器数据: Fx=-7.953, Fy=5.045, Fz=11.098, Mx=0.1363, My=0.2679, Mz=0.41419999999999996
2025-06-13 13:43:06,094 - INFO - work_flow.py:533 - ▶️ 状态: 'move_to_suction_cup_second' (再次移动到吸盘位置), 执行动作: 'move_to', 当前力传感器值: Fx=-7.953, Fy=5.045, Fz=11.098, Mx=0.1363, My=0.2679, Mz=0.41419999999999996
2025-06-13 13:43:06,094 - DEBUG - action_handler.py:491 - 当前位置: [-435.0233197204853, 349.95491600929216, 400.00317176147473, -179.9965168999395, 0.002750691939516949, 110.0075531887248], 目标位置: [-90, 638, 350, 180, 0, 20]
2025-06-13 13:43:10,735 - DEBUG - robot_manager.py:257 - 六维力传感器数据: Fx=-8.074, Fy=7.161999999999999, Fz=12.622, Mx=0.1529, My=0.3908, Mz=0.2542
2025-06-13 13:43:10,735 - INFO - work_flow.py:533 - ▶️ 状态: 'release_suction_cup' (释放吸盘), 执行动作: 'put_down', 当前力传感器值: Fx=-8.074, Fy=7.161999999999999, Fz=12.622, Mx=0.1529, My=0.3908, Mz=0.2542
2025-06-13 13:43:11,951 - DEBUG - robot_manager.py:257 - 六维力传感器数据: Fx=-8.196, Fy=6.884, Fz=12.184000000000001, Mx=0.1263, My=0.37500000000000006, Mz=0.2923
2025-06-13 13:43:12,976 - DEBUG - robot_manager.py:257 - 六维力传感器数据: Fx=-8.218, Fy=6.898000000000001, Fz=12.127999999999998, Mx=0.1247, My=0.373, Mz=0.2928
2025-06-13 13:43:14,007 - DEBUG - robot_manager.py:257 - 六维力传感器数据: Fx=-8.222999999999999, Fy=6.892999999999999, Fz=12.119000000000002, Mx=0.123, My=0.3745, Mz=0.2933
2025-06-13 13:43:15,034 - DEBUG - robot_manager.py:257 - 六维力传感器数据: Fx=-9.574, Fy=6.114, Fz=-0.682, Mx=0.1527, My=0.34469999999999995, Mz=0.2953
2025-06-13 13:43:18,399 - DEBUG - robot_manager.py:257 - 六维力传感器数据: Fx=-8.404000000000002, Fy=6.798, Fz=10.109, Mx=0.1544, My=0.34419999999999995, Mz=0.29269999999999996
2025-06-13 13:43:18,399 - INFO - work_flow.py:533 - ▶️ 状态: 'move_to_cable' (移动到线缆存放位置), 执行动作: 'move_to', 当前力传感器值: Fx=-8.404000000000002, Fy=6.798, Fz=10.109, Mx=0.1544, My=0.34419999999999995, Mz=0.29269999999999996
2025-06-13 13:43:18,399 - DEBUG - action_handler.py:491 - 当前位置: [-90.02547459223788, 637.9828759009563, 349.9926049304216, 179.99361265642065, -0.004452024948149582, 19.993861981504367], 目标位置: [35, 595, 200, 180, 0, 17]
2025-06-13 13:43:19,125 - INFO - work_flow.py:424 - 🔑 检测到键盘中断 (Ctrl+C)，正在安全退出...
2025-06-13 13:43:19,379 - INFO - work_flow.py:442 - 机器人FSM工作流程执行结束
